{"failure___type___exceptions.AssertionError___message___Failed x OSTF tests; should fail x tests. Names of failed tests: \n  - Launch instance, create snapshot, launch instance from snapshot (error)     ": [{"job_status": "FAILURE", "failure": "failure___type___exceptions.AssertionError___message___Failed x OSTF tests; should fail x tests. Names of failed tests: \n  - Launch instance, create snapshot, launch instance from snapshot (error)     ", "job_url": "https://product-ci.infra.mirantis.net/job/9.0.system_test.ubuntu.support_dpdk_bond/53/", "build_number": 53, "test": "deploy_cluster_with_dpdk_bond", "test_fail_url": "https://product-ci.infra.mirantis.net/job/9.0.system_test.ubuntu.support_dpdk_bond/53/testReport/(root)/deploy_cluster_with_dpdk_bond/deploy_cluster_with_dpdk_bond", "failure_origin": "failure___type___exceptions.AssertionError___message___Failed 1 OSTF tests; should fail 0 tests. Names of failed tests: \n  - Launch instance, create snapshot, launch instance from snapshot (error)     ", "job_name": "9.0.system_test.ubuntu.support_dpdk_bond"}], "error___type___exceptions.Exception___message___New configuration was not applied": [{"job_status": "FAILURE", "failure": "error___type___exceptions.Exception___message___New configuration was not applied", "job_url": "https://product-ci.infra.mirantis.net/job/9.0.system_test.ubuntu.services_reconfiguration_thread_1/154/", "build_number": 154, "test": "reconfigure_keystone_to_use_ldap", "test_fail_url": "https://product-ci.infra.mirantis.net/job/9.0.system_test.ubuntu.services_reconfiguration_thread_1/154/testReport/(root)/reconfigure_keystone_to_use_ldap/reconfigure_keystone_to_use_ldap", "failure_origin": "error___type___exceptions.Exception___message___New configuration was not applied", "job_name": "9.0.system_test.ubuntu.services_reconfiguration_thread_1"}], "failure___type___exceptions.AssertionError___message___Failed x OSTF tests; should fail x tests. Names of failed tests: \n  - Create volume and attach it to instance (failure)     Time limit exceeded while waiting for volume becoming 'available' to finish. Please refer to OpenStack logs for more details.": [{"job_status": "FAILURE", "failure": "failure___type___exceptions.AssertionError___message___Failed x OSTF tests; should fail x tests. Names of failed tests: \n  - Create volume and attach it to instance (failure)     Time limit exceeded while waiting for volume becoming 'available' to finish. Please refer to OpenStack logs for more details.", "job_url": "https://product-ci.infra.mirantis.net/job/9.0.system_test.ubuntu.support_dpdk/73/", "build_number": 73, "test": "deploy_cluster_with_dpdk", "test_fail_url": "https://product-ci.infra.mirantis.net/job/9.0.system_test.ubuntu.support_dpdk/73/testReport/(root)/deploy_cluster_with_dpdk/deploy_cluster_with_dpdk", "failure_origin": "failure___type___exceptions.AssertionError___message___Failed 1 OSTF tests; should fail 0 tests. Names of failed tests: \n  - Create volume and attach it to instance (failure)     Time limit exceeded while waiting for volume becoming 'available' to finish. Please refer to OpenStack logs for more details.", "job_name": "9.0.system_test.ubuntu.support_dpdk"}], "failure___type___exceptions.AssertionError___message___Task 'deploy' has incorrect status. error != ready, 'Deployment has failed. All nodes are finished. Failed tasks: Task[pre_deployment_2/x], Task[pre_deployment_2/x], Task[pre_deployment_2/x], Task[pre_deployment_2/x] Stopping the deployment process!'": [{"job_status": "FAILURE", "failure": "failure___type___exceptions.AssertionError___message___Task 'deploy' has incorrect status. error != ready, 'Deployment has failed. All nodes are finished. Failed tasks: Task[pre_deployment_2/x], Task[pre_deployment_2/x], Task[pre_deployment_2/x], Task[pre_deployment_2/x] Stopping the deployment process!'", "job_url": "https://product-ci.infra.mirantis.net/job/9.0.system_test.ubuntu.plugins.install_plugin_after_cluster_create/72/", "build_number": 72, "test": "three_ctrl_enable_installed_after_create_redeploy", "test_fail_url": "https://product-ci.infra.mirantis.net/job/9.0.system_test.ubuntu.plugins.install_plugin_after_cluster_create/72/testReport/(root)/three_ctrl_enable_installed_after_create_redeploy/three_ctrl_enable_installed_after_create_redeploy", "failure_origin": "failure___type___exceptions.AssertionError___message___Task 'deploy' has incorrect status. error != ready, 'Deployment has failed. All nodes are finished. Failed tasks: Task[pre_deployment_2/3], Task[pre_deployment_2/2], Task[pre_deployment_2/5], Task[pre_deployment_2/4] Stopping the deployment process!'", "job_name": "9.0.system_test.ubuntu.plugins.install_plugin_after_cluster_create"}, {"job_status": "FAILURE", "failure": "failure___type___exceptions.AssertionError___message___Task 'deploy' has incorrect status. error != ready, 'Deployment has failed. All nodes are finished. Failed tasks: Task[pre_deployment_2/x], Task[pre_deployment_2/x], Task[pre_deployment_2/x], Task[pre_deployment_2/x] Stopping the deployment process!'", "job_url": "https://product-ci.infra.mirantis.net/job/9.0.system_test.ubuntu.plugins.install_plugin_after_cluster_create/72/", "build_number": 72, "test": "three_ctrl_enable_installed_after_deploy_redeploy", "test_fail_url": "https://product-ci.infra.mirantis.net/job/9.0.system_test.ubuntu.plugins.install_plugin_after_cluster_create/72/testReport/(root)/three_ctrl_enable_installed_after_deploy_redeploy/three_ctrl_enable_installed_after_deploy_redeploy", "failure_origin": "failure___type___exceptions.AssertionError___message___Task 'deploy' has incorrect status. error != ready, 'Deployment has failed. All nodes are finished. Failed tasks: Task[pre_deployment_2/3], Task[pre_deployment_2/2], Task[pre_deployment_2/5], Task[pre_deployment_2/4] Stopping the deployment process!'", "job_name": "9.0.system_test.ubuntu.plugins.install_plugin_after_cluster_create"}], "skipped___type___unittest.case.SkipTest___message___": [{"job_status": "SUCCESS", "failure": "skipped___type___unittest.case.SkipTest___message___", "job_url": "https://product-ci.infra.mirantis.net/job/9.0.system_test.ubuntu.fuel_master_migrate/159/", "build_number": 159, "test": "Case_FuelMasterMigrate__Config_1ctrl_1comp_neutronTUN", "test_fail_url": "https://product-ci.infra.mirantis.net/job/9.0.system_test.ubuntu.fuel_master_migrate/159/testReport/(root)/Case_FuelMasterMigrate__Config_1ctrl_1comp_neutronTUN/Step000_setup_master", "failure_origin": "skipped___type___unittest.case.SkipTest___message___", "job_name": "9.0.system_test.ubuntu.fuel_master_migrate"}, {"job_status": "SUCCESS", "failure": "skipped___type___unittest.case.SkipTest___message___", "job_url": "https://product-ci.infra.mirantis.net/job/9.0.system_test.ubuntu.fuel_master_migrate/159/", "build_number": 159, "test": "Case_FuelMasterMigrate__Config_1ctrl_1comp_neutronTUN", "test_fail_url": "https://product-ci.infra.mirantis.net/job/9.0.system_test.ubuntu.fuel_master_migrate/159/testReport/(root)/Case_FuelMasterMigrate__Config_1ctrl_1comp_neutronTUN/Step001_config_release", "failure_origin": "skipped___type___unittest.case.SkipTest___message___", "job_name": "9.0.system_test.ubuntu.fuel_master_migrate"}, {"job_status": "SUCCESS", "failure": "skipped___type___unittest.case.SkipTest___message___", "job_url": "https://product-ci.infra.mirantis.net/job/9.0.system_test.ubuntu.fuel_master_migrate/159/", "build_number": 159, "test": "Case_FuelMasterMigrate__Config_1ctrl_1comp_neutronTUN", "test_fail_url": "https://product-ci.infra.mirantis.net/job/9.0.system_test.ubuntu.fuel_master_migrate/159/testReport/(root)/Case_FuelMasterMigrate__Config_1ctrl_1comp_neutronTUN/Step002_make_slaves", "failure_origin": "skipped___type___unittest.case.SkipTest___message___", "job_name": "9.0.system_test.ubuntu.fuel_master_migrate"}], "error___type___fuelweb_test.helpers.exceptions.UnexpectedExitCode___message___Command '/usr/local/bin/swift-rings-rebalance.sh' returned unexpected exit code x, while waiting for [x]stdout: Reassigned x (x.x%) partitions. Balance is now x.x.  Dispersion is now x.x\nReassigned x (x.x%) partitions. Balance is now x.x.  Dispersion is now x.x\nReassigned x (x.x%) partitions. Balance is now x.x.  Dispersion is now x.x\n-------------------------------------------------------------------------------\nNOTE: Balance of x.x indicates you should push this \n      ring, wait at least x hours, and rebalance/repush.\n-------------------------------------------------------------------------------\n": [{"job_status": "FAILURE", "failure": "error___type___fuelweb_test.helpers.exceptions.UnexpectedExitCode___message___Command '/usr/local/bin/swift-rings-rebalance.sh' returned unexpected exit code x, while waiting for [x]stdout: Reassigned x (x.x%) partitions. Balance is now x.x.  Dispersion is now x.x\nReassigned x (x.x%) partitions. Balance is now x.x.  Dispersion is now x.x\nReassigned x (x.x%) partitions. Balance is now x.x.  Dispersion is now x.x\n-------------------------------------------------------------------------------\nNOTE: Balance of x.x indicates you should push this \n      ring, wait at least x hours, and rebalance/repush.\n-------------------------------------------------------------------------------\n", "job_url": "https://product-ci.infra.mirantis.net/job/9.0.system_test.ubuntu.ha_neutron_tun_scale/162/", "build_number": 162, "test": "neutron_tun_scalability", "test_fail_url": "https://product-ci.infra.mirantis.net/job/9.0.system_test.ubuntu.ha_neutron_tun_scale/162/testReport/(root)/neutron_tun_scalability/neutron_tun_scalability", "failure_origin": "error___type___fuelweb_test.helpers.exceptions.UnexpectedExitCode___message___Command '/usr/local/bin/swift-rings-rebalance.sh' returned unexpected exit code 1, while waiting for [0]stdout: Reassigned 820 (80.08%) partitions. Balance is now 0.39.  Dispersion is now 0.00\nReassigned 820 (80.08%) partitions. Balance is now 0.39.  Dispersion is now 0.00\nReassigned 794 (77.54%) partitions. Balance is now 6.45.  Dispersion is now 0.00\n-------------------------------------------------------------------------------\nNOTE: Balance of 6.45 indicates you should push this \n      ring, wait at least 1 hours, and rebalance/repush.\n-------------------------------------------------------------------------------\n", "job_name": "9.0.system_test.ubuntu.ha_neutron_tun_scale"}], "failure___type___exceptions.AssertionError___message___Task 'deploy' has incorrect status. error != ready, 'Deployment has failed. All nodes are finished. Failed tasks: Task[primary-rabbitmq/x] Stopping the deployment process!'": [{"job_status": "FAILURE", "failure": "failure___type___exceptions.AssertionError___message___Task 'deploy' has incorrect status. error != ready, 'Deployment has failed. All nodes are finished. Failed tasks: Task[primary-rabbitmq/x] Stopping the deployment process!'", "job_url": "https://product-ci.infra.mirantis.net/job/9.0.system_test.ubuntu.plugins.install_plugin_after_cluster_create/72/", "build_number": 72, "test": "five_ctrl_enable_installed_after_create_add", "test_fail_url": "https://product-ci.infra.mirantis.net/job/9.0.system_test.ubuntu.plugins.install_plugin_after_cluster_create/72/testReport/(root)/five_ctrl_enable_installed_after_create_add/five_ctrl_enable_installed_after_create_add", "failure_origin": "failure___type___exceptions.AssertionError___message___Task 'deploy' has incorrect status. error != ready, 'Deployment has failed. All nodes are finished. Failed tasks: Task[primary-rabbitmq/1] Stopping the deployment process!'", "job_name": "9.0.system_test.ubuntu.plugins.install_plugin_after_cluster_create"}], "failure___type___exceptions.AssertionError___message___The following tests have not succeeded, while they must have passed: \n  - Check stack autoscaling (fuel_health.tests.tests_platform.test_heat.HeatSmokeTests.test_autoscaling). Test status: failure, message: Time limit exceeded while waiting for launching the new instance per autoscaling alarm to finish. Please refer to OpenStack logs for more details.": [{"job_status": "FAILURE", "failure": "failure___type___exceptions.AssertionError___message___The following tests have not succeeded, while they must have passed: \n  - Check stack autoscaling (fuel_health.tests.tests_platform.test_heat.HeatSmokeTests.test_autoscaling). Test status: failure, message: Time limit exceeded while waiting for launching the new instance per autoscaling alarm to finish. Please refer to OpenStack logs for more details.", "job_url": "https://product-ci.infra.mirantis.net/job/9.0.system_test.ubuntu.services_ha_one_controller/161/", "build_number": 161, "test": "deploy_heat_ha_one_controller_neutron", "test_fail_url": "https://product-ci.infra.mirantis.net/job/9.0.system_test.ubuntu.services_ha_one_controller/161/testReport/(root)/deploy_heat_ha_one_controller_neutron/deploy_heat_ha_one_controller_neutron", "failure_origin": "failure___type___exceptions.AssertionError___message___The following tests have not succeeded, while they must have passed: \n  - Check stack autoscaling (fuel_health.tests.tests_platform.test_heat.HeatSmokeTests.test_autoscaling). Test status: failure, message: Time limit exceeded while waiting for launching the new instance per autoscaling alarm to finish. Please refer to OpenStack logs for more details.", "job_name": "9.0.system_test.ubuntu.services_ha_one_controller"}], "failure___type___exceptions.AssertionError___message___dead rabbit node was not removed, result is {'exit_code': x, 'stderr': [], 'stdout': []}": [{"job_status": "FAILURE", "failure": "failure___type___exceptions.AssertionError___message___dead rabbit node was not removed, result is {'exit_code': x, 'stderr': [], 'stdout': []}", "job_url": "https://product-ci.infra.mirantis.net/job/9.0.system_test.ubuntu.ha_neutron_destructive/162/", "build_number": 162, "test": "ha_neutron_check_dead_rabbit", "test_fail_url": "https://product-ci.infra.mirantis.net/job/9.0.system_test.ubuntu.ha_neutron_destructive/162/testReport/(root)/ha_neutron_check_dead_rabbit/ha_neutron_check_dead_rabbit", "failure_origin": "failure___type___exceptions.AssertionError___message___dead rabbit node was not removed, result is {'exit_code': 1, 'stderr': [], 'stdout': []}", "job_name": "9.0.system_test.ubuntu.ha_neutron_destructive"}], "failure___type___exceptions.AssertionError___message___Task 'deployment' has incorrect status. error != ready": [{"job_status": "FAILURE", "failure": "failure___type___exceptions.AssertionError___message___Task 'deployment' has incorrect status. error != ready", "job_url": "https://product-ci.infra.mirantis.net/job/9.0.system_test.ubuntu.command_line/162/", "build_number": 162, "test": "cli_selected_nodes_deploy_huge", "test_fail_url": "https://product-ci.infra.mirantis.net/job/9.0.system_test.ubuntu.command_line/162/testReport/(root)/cli_selected_nodes_deploy_huge/cli_selected_nodes_deploy_huge", "failure_origin": "failure___type___exceptions.AssertionError___message___Task 'deployment' has incorrect status. error != ready", "job_name": "9.0.system_test.ubuntu.command_line"}], "failure___type___exceptions.AssertionError___message___Failed x OSTF tests; should fail x tests. Names of failed tests: \n  - Check state of haproxy backends on controllers (failure)     Can not set proxy for Health Check.Make sure that network configuration for controllers is correct\n  - Check data replication over mysql (failure)     Can not set proxy for Health Check.Make sure that network configuration for controllers is correct\n  - Check if amount of tables in databases is the same on each node (failure)     Can not set proxy for Health Check.Make sure that network configuration for controllers is correct\n  - Check galera environment state (failure)     Can not set proxy for Health Check.Make sure that network configuration for controllers is correct\n  - Check pacemaker status (failure)     Can not set proxy for Health Check.Make sure that network configuration for controllers is correct\n  - RabbitMQ availability (failure)     Can not set proxy for Health Check.Make sure that network configuration for controllers is correct\n  - RabbitMQ replication (failure)     Can not set proxy for Health Check.Make sure that network configuration for controllers is correct": [{"job_status": "FAILURE", "failure": "failure___type___exceptions.AssertionError___message___Failed x OSTF tests; should fail x tests. Names of failed tests: \n  - Check state of haproxy backends on controllers (failure)     Can not set proxy for Health Check.Make sure that network configuration for controllers is correct\n  - Check data replication over mysql (failure)     Can not set proxy for Health Check.Make sure that network configuration for controllers is correct\n  - Check if amount of tables in databases is the same on each node (failure)     Can not set proxy for Health Check.Make sure that network configuration for controllers is correct\n  - Check galera environment state (failure)     Can not set proxy for Health Check.Make sure that network configuration for controllers is correct\n  - Check pacemaker status (failure)     Can not set proxy for Health Check.Make sure that network configuration for controllers is correct\n  - RabbitMQ availability (failure)     Can not set proxy for Health Check.Make sure that network configuration for controllers is correct\n  - RabbitMQ replication (failure)     Can not set proxy for Health Check.Make sure that network configuration for controllers is correct", "job_url": "https://product-ci.infra.mirantis.net/job/9.0.system_test.ubuntu.bonding_ha/162/", "build_number": 162, "test": "deploy_bonding_neutron_vlan", "test_fail_url": "https://product-ci.infra.mirantis.net/job/9.0.system_test.ubuntu.bonding_ha/162/testReport/(root)/deploy_bonding_neutron_vlan/deploy_bonding_neutron_vlan", "failure_origin": "failure___type___exceptions.AssertionError___message___Failed 7 OSTF tests; should fail 0 tests. Names of failed tests: \n  - Check state of haproxy backends on controllers (failure)     Can not set proxy for Health Check.Make sure that network configuration for controllers is correct\n  - Check data replication over mysql (failure)     Can not set proxy for Health Check.Make sure that network configuration for controllers is correct\n  - Check if amount of tables in databases is the same on each node (failure)     Can not set proxy for Health Check.Make sure that network configuration for controllers is correct\n  - Check galera environment state (failure)     Can not set proxy for Health Check.Make sure that network configuration for controllers is correct\n  - Check pacemaker status (failure)     Can not set proxy for Health Check.Make sure that network configuration for controllers is correct\n  - RabbitMQ availability (failure)     Can not set proxy for Health Check.Make sure that network configuration for controllers is correct\n  - RabbitMQ replication (failure)     Can not set proxy for Health Check.Make sure that network configuration for controllers is correct", "job_name": "9.0.system_test.ubuntu.bonding_ha"}], "error___type___devops.error.TimeoutError___message___Time on nodes was not set with 'ntpdate':\n[(u'slave-x', ['Tue Jul  x x:x:x UTC x\\n'])]": [{"job_status": "FAILURE", "failure": "error___type___devops.error.TimeoutError___message___Time on nodes was not set with 'ntpdate':\n[(u'slave-x', ['Tue Jul  x x:x:x UTC x\\n'])]", "job_url": "https://product-ci.infra.mirantis.net/job/9.0.system_test.ubuntu.thread_3/163/", "build_number": 163, "test": "ceph_ha_restart", "test_fail_url": "https://product-ci.infra.mirantis.net/job/9.0.system_test.ubuntu.thread_3/163/testReport/(root)/ceph_ha_restart/ceph_ha_restart", "failure_origin": "error___type___devops.error.TimeoutError___message___Time on nodes was not set with 'ntpdate':\n[(u'slave-04', ['Tue Jul  5 05:49:35 UTC 2016\\n'])]", "job_name": "9.0.system_test.ubuntu.thread_3"}], "failure___type___exceptions.AssertionError___message___Task 'deploy' has incorrect status. error != ready, 'Deployment has failed. All nodes are finished. Failed tasks: Task[openstack-haproxy-glance/x], Task[openstack-haproxy-neutron/x], Task[openstack-haproxy-stats/x], Task[netconfig/x] Stopping the deployment process!'": [{"job_status": "FAILURE", "failure": "failure___type___exceptions.AssertionError___message___Task 'deploy' has incorrect status. error != ready, 'Deployment has failed. All nodes are finished. Failed tasks: Task[openstack-haproxy-glance/x], Task[openstack-haproxy-neutron/x], Task[openstack-haproxy-stats/x], Task[netconfig/x] Stopping the deployment process!'", "job_url": "https://product-ci.infra.mirantis.net/job/9.0.system_test.ubuntu.network_templates/164/", "build_number": 164, "test": "network_config_consistency_on_reboot", "test_fail_url": "https://product-ci.infra.mirantis.net/job/9.0.system_test.ubuntu.network_templates/164/testReport/(root)/network_config_consistency_on_reboot/network_config_consistency_on_reboot", "failure_origin": "failure___type___exceptions.AssertionError___message___Task 'deploy' has incorrect status. error != ready, 'Deployment has failed. All nodes are finished. Failed tasks: Task[openstack-haproxy-glance/1], Task[openstack-haproxy-neutron/3], Task[openstack-haproxy-stats/4], Task[netconfig/5] Stopping the deployment process!'", "job_name": "9.0.system_test.ubuntu.network_templates"}], "failure___type___exceptions.AssertionError___message___Node slave-x has not become online after cold start": [{"job_status": "FAILURE", "failure": "failure___type___exceptions.AssertionError___message___Node slave-x has not become online after cold start", "job_url": "https://product-ci.infra.mirantis.net/job/9.0.system_test.ubuntu.repetitive_restart/129/", "build_number": 129, "test": "ceph_partitions_repetitive_cold_restart", "test_fail_url": "https://product-ci.infra.mirantis.net/job/9.0.system_test.ubuntu.repetitive_restart/129/testReport/(root)/ceph_partitions_repetitive_cold_restart/ceph_partitions_repetitive_cold_restart", "failure_origin": "failure___type___exceptions.AssertionError___message___Node slave-01 has not become online after cold start", "job_name": "9.0.system_test.ubuntu.repetitive_restart"}], "failure___type___exceptions.AssertionError___message___Failed x OSTF tests; should fail x tests. Names of failed tests: \n  - Check data replication over mysql (failure)      Can not find any online database. Check that at least one database is operable\n  - Check if amount of tables in databases is the same on each node (failure)      Can not find any online database. Check that at least one database is operable\n  - Check galera environment state (failure)      Can not find any online database. Check that at least one database is operable": [{"job_status": "FAILURE", "failure": "failure___type___exceptions.AssertionError___message___Failed x OSTF tests; should fail x tests. Names of failed tests: \n  - Check data replication over mysql (failure)      Can not find any online database. Check that at least one database is operable\n  - Check if amount of tables in databases is the same on each node (failure)      Can not find any online database. Check that at least one database is operable\n  - Check galera environment state (failure)      Can not find any online database. Check that at least one database is operable", "job_url": "https://product-ci.infra.mirantis.net/job/9.0.system_test.ubuntu.custom_hostname/162/", "build_number": 162, "test": "set_custom_hostname", "test_fail_url": "https://product-ci.infra.mirantis.net/job/9.0.system_test.ubuntu.custom_hostname/162/testReport/(root)/set_custom_hostname/set_custom_hostname", "failure_origin": "failure___type___exceptions.AssertionError___message___Failed 3 OSTF tests; should fail 0 tests. Names of failed tests: \n  - Check data replication over mysql (failure)      Can not find any online database. Check that at least one database is operable\n  - Check if amount of tables in databases is the same on each node (failure)      Can not find any online database. Check that at least one database is operable\n  - Check galera environment state (failure)      Can not find any online database. Check that at least one database is operable", "job_name": "9.0.system_test.ubuntu.custom_hostname"}], "error___type___devops.error.TimeoutError___message___Waiting timed out": [{"job_status": "FAILURE", "failure": "error___type___devops.error.TimeoutError___message___Waiting timed out", "job_url": "https://product-ci.infra.mirantis.net/job/9.0.system_test.ubuntu.filling_root/160/", "build_number": 160, "test": "Case_FillRootPrimaryController__Config_ceph_all_on_neutron_vlan", "test_fail_url": "https://product-ci.infra.mirantis.net/job/9.0.system_test.ubuntu.filling_root/160/testReport/(root)/Case_FillRootPrimaryController__Config_ceph_all_on_neutron_vlan/Step019_check_starting_resources", "failure_origin": "error___type___devops.error.TimeoutError___message___Waiting timed out", "job_name": "9.0.system_test.ubuntu.filling_root"}], "failure___type___exceptions.AssertionError___message___alive rabbit node was not ignored, result is {'exit_code': x, 'stderr': [], 'stdout': []}": [{"job_status": "FAILURE", "failure": "failure___type___exceptions.AssertionError___message___alive rabbit node was not ignored, result is {'exit_code': x, 'stderr': [], 'stdout': []}", "job_url": "https://product-ci.infra.mirantis.net/job/9.0.system_test.ubuntu.ha_neutron_destructive/162/", "build_number": 162, "test": "ha_neutron_check_alive_rabbit", "test_fail_url": "https://product-ci.infra.mirantis.net/job/9.0.system_test.ubuntu.ha_neutron_destructive/162/testReport/(root)/ha_neutron_check_alive_rabbit/ha_neutron_check_alive_rabbit", "failure_origin": "failure___type___exceptions.AssertionError___message___alive rabbit node was not ignored, result is {'exit_code': 1, 'stderr': [], 'stdout': []}", "job_name": "9.0.system_test.ubuntu.ha_neutron_destructive"}], "skipped___type___unittest.case.SkipTest___message___Failure in <function Case_FillRootPrimaryController__Config_ceph_all_on_neutron_vlan.Step019_check_starting_resources at 0x7fb28db3c1b8>": [{"job_status": "FAILURE", "failure": "skipped___type___unittest.case.SkipTest___message___Failure in <function Case_FillRootPrimaryController__Config_ceph_all_on_neutron_vlan.Step019_check_starting_resources at 0x7fb28db3c1b8>", "job_url": "https://product-ci.infra.mirantis.net/job/9.0.system_test.ubuntu.filling_root/160/", "build_number": 160, "test": "Case_FillRootPrimaryController__Config_ceph_all_on_neutron_vlan", "test_fail_url": "https://product-ci.infra.mirantis.net/job/9.0.system_test.ubuntu.filling_root/160/testReport/(root)/Case_FillRootPrimaryController__Config_ceph_all_on_neutron_vlan/Step020_health_check_sanity_smoke_ha", "failure_origin": "skipped___type___unittest.case.SkipTest___message___Failure in <function Case_FillRootPrimaryController__Config_ceph_all_on_neutron_vlan.Step019_check_starting_resources at 0x7fb28db3c1b8>", "job_name": "9.0.system_test.ubuntu.filling_root"}]}