<html><body><table border=1><tr><th>Build</th><th>Job</th><th>FailureTypeCount</th><th>FailureGroupCount</th><th>TestCount</th><th>BugCount</th></tr><tr><td><font color='#ff0000'>160</font></td><td>9.0.swarm.runner</td><td>4</td><td><font color='#00ff00'>16</font></td><td>17</td><td><font color='#0000ff'>1</font></td></tr></table><table border=1><tr><th>FailureType</th><th>FailureGroup</th><th>Test</th><th>Bug</th></tr><tr><td rowspan="13">count groups:12 / count tests:13<br>failure___type___exceptions.AssertionError</td><td rowspan="1">count tests: 1<br>exceptions.AssertionError: Failed x OSTF tests; should fail x tests. Names of failed tests: <br>  - Check data replication over mysql (failure)      Can not find any online database. Check that at least one database is operable<br>  - Check if amount of tables in databases is the same on each node (failure)      Can not find any online database. Check that at least one database is operable<br>  - Check galera environment state (failure)      Can not find any online database. Check that at least one database is operable</td><td><font color=#d97373>Failed</font><br><a href=https://mirantis.testrail.com/index.php?/tests/view/8578189>set_custom_hostname</a><br><a href=https://product-ci.infra.mirantis.net/job/9.0.system_test.ubuntu.custom_hostname/162/testReport/(root)/set_custom_hostname/set_custom_hostname>[job]</a></td><td></td></tr><tr><td rowspan="1">1<br>exceptions.AssertionError: Failed x OSTF tests; should fail x tests. Names of failed tests: <br>  - Check state of haproxy backends on controllers (failure)     Can not set proxy for Health Check.Make sure that network configuration for controllers is correct<br>  - Check data replication over mysql (failure)     Can not set proxy for Health Check.Make sure that network configuration for controllers is correct<br>  - Check if amount of tables in databases is the same on each node (failure)     Can not set proxy for Health Check.Make sure that network configuration for controllers is correct<br>  - Check galera environment state (failure)     Can not set proxy for Health Check.Make sure that network configuration for controllers is correct<br>  - Check pacemaker status (failure)     Can not set proxy for Health Check.Make sure that network configuration for controllers is correct<br>  - RabbitMQ availability (failure)     Can not set proxy for Health Check.Make sure that network configuration for controllers is correct<br>  - RabbitMQ replication (failure)     Can not set proxy for Health Check.Make sure that network configuration for controllers is correct</td><td><font color=#d97373>Failed</font><br><a href=https://mirantis.testrail.com/index.php?/tests/view/8578154>deploy_bonding_neutron_vlan</a><br><a href=https://product-ci.infra.mirantis.net/job/9.0.system_test.ubuntu.bonding_ha/162/testReport/(root)/deploy_bonding_neutron_vlan/deploy_bonding_neutron_vlan>[job]</a></td><td><a href=https://bugs.launchpad.net/fuel/+bug/1592844>#1592844</a>: Bug #1592844 in Fuel for OpenStack: "Virtual machine on CI slave hangs with 'soft lockup' error."</td></tr><tr><td rowspan="1">1<br>exceptions.AssertionError: Failed x OSTF tests; should fail x tests. Names of failed tests: <br>  - Create volume and attach it to instance (failure)     Time limit exceeded while waiting for volume becoming 'available' to finish. Please refer to OpenStack logs for more details.</td><td><font color=#d97373>Failed</font><br><a href=https://mirantis.testrail.com/index.php?/tests/view/8578422>deploy_cluster_with_dpdk</a><br><a href=https://product-ci.infra.mirantis.net/job/9.0.system_test.ubuntu.support_dpdk/73/testReport/(root)/deploy_cluster_with_dpdk/deploy_cluster_with_dpdk>[job]</a></td><td></td></tr><tr><td rowspan="1">1<br>exceptions.AssertionError: Failed x OSTF tests; should fail x tests. Names of failed tests: <br>  - Launch instance, create snapshot, launch instance from snapshot (error)     </td><td><font color=#d97373>Failed</font><br><a href=https://mirantis.testrail.com/index.php?/tests/view/8578434>deploy_cluster_with_dpdk_bond</a><br><a href=https://product-ci.infra.mirantis.net/job/9.0.system_test.ubuntu.support_dpdk_bond/53/testReport/(root)/deploy_cluster_with_dpdk_bond/deploy_cluster_with_dpdk_bond>[job]</a></td><td></td></tr><tr><td rowspan="1">1<br>exceptions.AssertionError: Node slave-x has not become online after cold start</td><td><font color=#d97373>Failed</font><br><a href=https://mirantis.testrail.com/index.php?/tests/view/8578392>ceph_partitions_repetitive_cold_restart</a><br><a href=https://product-ci.infra.mirantis.net/job/9.0.system_test.ubuntu.repetitive_restart/129/testReport/(root)/ceph_partitions_repetitive_cold_restart/ceph_partitions_repetitive_cold_restart>[job]</a></td><td></td></tr><tr><td rowspan="1">1<br>exceptions.AssertionError: Task 'deploy' has incorrect status. error != ready, 'Deployment has failed. All nodes are finished. Failed tasks: Task[openstack-haproxy-glance/x], Task[openstack-haproxy-neutron/x], Task[openstack-haproxy-stats/x], Task[netconfig/x] Stopping the deployment process!'</td><td><font color=#d97373>Failed</font><br><a href=https://mirantis.testrail.com/index.php?/tests/view/8578082>network_config_consistency_on_reboot</a><br><a href=https://product-ci.infra.mirantis.net/job/9.0.system_test.ubuntu.network_templates/164/testReport/(root)/network_config_consistency_on_reboot/network_config_consistency_on_reboot>[job]</a></td><td></td></tr><tr><td rowspan="2">2<br>exceptions.AssertionError: Task 'deploy' has incorrect status. error != ready, 'Deployment has failed. All nodes are finished. Failed tasks: Task[pre_deployment_2/x], Task[pre_deployment_2/x], Task[pre_deployment_2/x], Task[pre_deployment_2/x] Stopping the deployment process!'</td><td><font color=#d97373>Failed</font><br><a href=https://mirantis.testrail.com/index.php?/tests/view/8578041>three_ctrl_enable_installed_after_create_redeploy</a><br><a href=https://product-ci.infra.mirantis.net/job/9.0.system_test.ubuntu.plugins.install_plugin_after_cluster_create/72/testReport/(root)/three_ctrl_enable_installed_after_create_redeploy/three_ctrl_enable_installed_after_create_redeploy>[job]</a></td><td></td></tr><tr><td><font color=#d97373>Failed</font><br><a href=https://mirantis.testrail.com/index.php?/tests/view/8578044>three_ctrl_enable_installed_after_deploy_redeploy</a><br><a href=https://product-ci.infra.mirantis.net/job/9.0.system_test.ubuntu.plugins.install_plugin_after_cluster_create/72/testReport/(root)/three_ctrl_enable_installed_after_deploy_redeploy/three_ctrl_enable_installed_after_deploy_redeploy>[job]</a></td>                                           <td></td></tr><tr><td rowspan="1">1<br>exceptions.AssertionError: Task 'deploy' has incorrect status. error != ready, 'Deployment has failed. All nodes are finished. Failed tasks: Task[primary-rabbitmq/x] Stopping the deployment process!'</td><td><font color=#d97373>Failed</font><br><a href=https://mirantis.testrail.com/index.php?/tests/view/8578040>five_ctrl_enable_installed_after_create_add</a><br><a href=https://product-ci.infra.mirantis.net/job/9.0.system_test.ubuntu.plugins.install_plugin_after_cluster_create/72/testReport/(root)/five_ctrl_enable_installed_after_create_add/five_ctrl_enable_installed_after_create_add>[job]</a></td><td></td></tr><tr><td rowspan="1">1<br>exceptions.AssertionError: Task 'deployment' has incorrect status. error != ready</td><td><font color=#d97373>Failed</font><br><a href=https://mirantis.testrail.com/index.php?/tests/view/8578410>cli_selected_nodes_deploy_huge</a><br><a href=https://product-ci.infra.mirantis.net/job/9.0.system_test.ubuntu.command_line/162/testReport/(root)/cli_selected_nodes_deploy_huge/cli_selected_nodes_deploy_huge>[job]</a></td><td></td></tr><tr><td rowspan="1">1<br>exceptions.AssertionError: The following tests have not succeeded, while they must have passed: <br>  - Check stack autoscaling (fuel_health.tests.tests_platform.test_heat.HeatSmokeTests.test_autoscaling). Test status: failure, message: Time limit exceeded while waiting for launching the new instance per autoscaling alarm to finish. Please refer to OpenStack logs for more details.</td><td><font color=#d97373>Failed</font><br><a href=https://mirantis.testrail.com/index.php?/tests/view/8578097>deploy_heat_ha_one_controller_neutron</a><br><a href=https://product-ci.infra.mirantis.net/job/9.0.system_test.ubuntu.services_ha_one_controller/161/testReport/(root)/deploy_heat_ha_one_controller_neutron/deploy_heat_ha_one_controller_neutron>[job]</a></td><td></td></tr><tr><td rowspan="1">1<br>exceptions.AssertionError: alive rabbit node was not ignored, result is {'exit_code': x, 'stderr': [], 'stdout': []}</td><td><font color=#d97373>Failed</font><br><a href=https://mirantis.testrail.com/index.php?/tests/view/8578124>ha_neutron_check_alive_rabbit</a><br><a href=https://product-ci.infra.mirantis.net/job/9.0.system_test.ubuntu.ha_neutron_destructive/162/testReport/(root)/ha_neutron_check_alive_rabbit/ha_neutron_check_alive_rabbit>[job]</a></td><td></td></tr><tr><td rowspan="1">1<br>exceptions.AssertionError: dead rabbit node was not removed, result is {'exit_code': x, 'stderr': [], 'stdout': []}</td><td><font color=#d97373>Failed</font><br><a href=https://mirantis.testrail.com/index.php?/tests/view/8578125>ha_neutron_check_dead_rabbit</a><br><a href=https://product-ci.infra.mirantis.net/job/9.0.system_test.ubuntu.ha_neutron_destructive/162/testReport/(root)/ha_neutron_check_dead_rabbit/ha_neutron_check_dead_rabbit>[job]</a></td><td></td></tr><tr><td rowspan="1">count groups:1 / count tests:1<br>error___type___exceptions.Exception</td><td rowspan="1">count tests: 1<br>exceptions.Exception: New configuration was not applied</td><td><font color=#d97373>Failed</font><br><a href=https://mirantis.testrail.com/index.php?/tests/view/8578214>reconfigure_keystone_to_use_ldap</a><br><a href=https://product-ci.infra.mirantis.net/job/9.0.system_test.ubuntu.services_reconfiguration_thread_1/154/testReport/(root)/reconfigure_keystone_to_use_ldap/reconfigure_keystone_to_use_ldap>[job]</a></td><td></td></tr><tr><td rowspan="2">count groups:2 / count tests:2<br>error___type___devops.error.TimeoutError</td><td rowspan="1">count tests: 1<br>devops.error.TimeoutError: Time on nodes was not set with 'ntpdate':<br>[(u'slave-x', ['Tue Jul  x x:x:x UTC x\n'])]</td><td><font color=#d97373>Failed</font><br><a href=https://mirantis.testrail.com/index.php?/tests/view/8578092>ceph_ha_restart</a><br><a href=https://product-ci.infra.mirantis.net/job/9.0.system_test.ubuntu.thread_3/163/testReport/(root)/ceph_ha_restart/ceph_ha_restart>[job]</a></td><td></td></tr><tr><td rowspan="1">1<br>devops.error.TimeoutError: Waiting timed out</td><td><font color=#d97373>Failed</font><br><a href=https://mirantis.testrail.com/index.php?/tests/view/8578116>Case_FillRootPrimaryController__Config_ceph_all_on_neutron_vlan</a><br><a href=https://product-ci.infra.mirantis.net/job/9.0.system_test.ubuntu.filling_root/160/testReport/(root)/Case_FillRootPrimaryController__Config_ceph_all_on_neutron_vlan/Step019_check_starting_resources>[job]</a></td><td></td></tr><tr><td rowspan="1">count groups:1 / count tests:1<br>error___type___fuelweb_test.helpers.exceptions.UnexpectedExitCode</td><td rowspan="1">count tests: 1<br>fuelweb_test.helpers.exceptions.UnexpectedExitCode: Command '/usr/local/bin/swift-rings-rebalance.sh' returned unexpected exit code x, while waiting for [x]stdout: Reassigned x (x.x%) partitions. Balance is now x.x.  Dispersion is now x.x<br>Reassigned x (x.x%) partitions. Balance is now x.x.  Dispersion is now x.x<br>Reassigned x (x.x%) partitions. Balance is now x.x.  Dispersion is now x.x<br>-------------------------------------------------------------------------------<br>NOTE: Balance of x.x indicates you should push this <br>      ring, wait at least x hours, and rebalance/repush.<br>-------------------------------------------------------------------------------</td><td><font color=#d97373>Failed</font><br><a href=https://mirantis.testrail.com/index.php?/tests/view/8578149>neutron_tun_scalability</a><br><a href=https://product-ci.infra.mirantis.net/job/9.0.system_test.ubuntu.ha_neutron_tun_scale/162/testReport/(root)/neutron_tun_scalability/neutron_tun_scalability>[job]</a></td><td></td></tr></table></body></html>